0	20:18:01.616	Compiling 'MACD Sample'
0	20:18:01.616	Compiling 'Moving Average'
0	20:18:06.318	Compiling 'Accelerator'
0	20:18:06.318	Compiling 'Accumulation'
0	20:18:06.318	Compiling 'Alligator'
0	20:18:06.318	Compiling 'ATR'
0	20:18:06.318	Compiling 'Awesome'
0	20:18:06.318	Compiling 'Bands'
0	20:18:06.318	Compiling 'Bears'
0	20:18:06.318	Compiling 'Bulls'
0	20:18:06.318	Compiling 'CCI'
0	20:18:06.318	Compiling 'Custom Moving Averages'
0	20:18:06.318	Compiling 'Heiken Ashi'
0	20:18:06.318	Compiling 'Ichimoku'
0	20:18:06.318	Compiling 'iExposure'
0	20:18:06.318	Compiling 'MACD'
0	20:18:06.318	Compiling 'Momentum'
0	20:18:06.318	Compiling 'OsMA'
0	20:18:06.318	Compiling 'Parabolic'
0	20:18:06.318	Compiling 'RSI'
0	20:18:06.318	Compiling 'Stochastic'
0	20:18:06.318	Compiling 'ZigZag'
0	20:18:06.321	Compiling 'SimplePanel'
0	20:18:12.161	Compiling 'PeriodConverter'
0	20:18:12.163	Compiling 'DLLSampleTester'
0	20:18:12.164	Compiling 'PipeClient'
0	20:18:12.164	Compiling 'PipeClientPure'
0	20:18:14.861	Compiling 'stdlib'
0	20:19:37.661	Compiling 'MACD Sample'
0	20:19:37.661	Compiling 'Moving Average'
0	20:19:40.230	Compiling 'Accelerator'
0	20:19:40.230	Compiling 'Accumulation'
0	20:19:40.230	Compiling 'Alligator'
0	20:19:40.230	Compiling 'ATR'
0	20:19:40.230	Compiling 'Awesome'
0	20:19:40.230	Compiling 'Bands'
0	20:19:40.230	Compiling 'Bears'
0	20:19:40.230	Compiling 'Bulls'
0	20:19:40.230	Compiling 'CCI'
0	20:19:40.230	Compiling 'Custom Moving Averages'
0	20:19:40.230	Compiling 'Heiken Ashi'
0	20:19:40.230	Compiling 'Ichimoku'
0	20:19:40.230	Compiling 'iExposure'
0	20:19:40.230	Compiling 'MACD'
0	20:19:40.230	Compiling 'Momentum'
0	20:19:40.230	Compiling 'OsMA'
0	20:19:40.230	Compiling 'Parabolic'
0	20:19:40.230	Compiling 'RSI'
0	20:19:40.230	Compiling 'Stochastic'
0	20:19:40.230	Compiling 'ZigZag'
0	20:19:40.232	Compiling 'SimplePanel'
0	20:19:44.909	Compiling 'PeriodConverter'
0	20:19:44.910	Compiling 'DLLSampleTester'
0	20:19:44.913	Compiling 'PipeClient'
0	20:19:44.913	Compiling 'PipeClientPure'
0	20:19:47.257	Compiling 'stdlib'
